[01m[K/home/ali/Engineering/ITI/low_speed_self_driving_vehicles/project_camera_calibration/implementations/CameraCalibration1/build/ros2Ws/src/elp_pkg/src/elp_calibrate.cpp:[m[K In member function â€˜[01m[Kcv::Mat Node1::calibrate(cv::Mat)[m[Kâ€™:
[01m[K/home/ali/Engineering/ITI/low_speed_self_driving_vehicles/project_camera_calibration/implementations/CameraCalibration1/build/ros2Ws/src/elp_pkg/src/elp_calibrate.cpp:176:11:[m[K [01;31m[Kerror: [m[Kredeclaration of â€˜[01m[Kcv::Mat distortionCoef[m[Kâ€™
  176 |   cv::Mat [01;31m[KdistortionCoef[m[K = (cv::Mat_<double>(1,5) << k1, k2, p1, p2);
      |           [01;31m[K^~~~~~~~~~~~~~[m[K
[01m[K/home/ali/Engineering/ITI/low_speed_self_driving_vehicles/project_camera_calibration/implementations/CameraCalibration1/build/ros2Ws/src/elp_pkg/src/elp_calibrate.cpp:175:11:[m[K [01;36m[Knote: [m[Kâ€˜[01m[Kcv::Mat distortionCoef[m[Kâ€™ previously declared here
  175 |   cv::Mat [01;36m[KdistortionCoef[m[K = (cv::Mat_<double>(1,4) << k1, k2, p1, p2);
      |           [01;36m[K^~~~~~~~~~~~~~[m[K
[01m[K/home/ali/Engineering/ITI/low_speed_self_driving_vehicles/project_camera_calibration/implementations/CameraCalibration1/build/ros2Ws/src/elp_pkg/src/elp_calibrate.cpp:183:49:[m[K [01;31m[Kerror: [m[Kâ€˜[01m[Kimage_path[m[Kâ€™ was not declared in this scope
  183 |    std::cout << "Failed to read the image: " << [01;31m[Kimage_path[m[K << ", terminating..." << std::endl;
      |                                                 [01;31m[K^~~~~~~~~~[m[K
[01m[K/home/ali/Engineering/ITI/low_speed_self_driving_vehicles/project_camera_calibration/implementations/CameraCalibration1/build/ros2Ws/src/elp_pkg/src/elp_calibrate.cpp:184:4:[m[K [01;31m[Kerror: [m[Kreturn-statement with no value, in function returning â€˜[01m[Kcv::Mat[m[Kâ€™ [[01;31m[K-fpermissive[m[K]
  184 |    [01;31m[Kreturn[m[K ;
      |    [01;31m[K^~~~~~[m[K
make[2]: *** [CMakeFiles/elp_calibrate.dir/build.make:63: CMakeFiles/elp_calibrate.dir/src/elp_calibrate.cpp.o] Error 1
make[1]: *** [CMakeFiles/Makefile2:78: CMakeFiles/elp_calibrate.dir/all] Error 2
make: *** [Makefile:141: all] Error 2
