[ 50%] [32mBuilding CXX object CMakeFiles/elp_calibrate.dir/src/elp_calibrate.cpp.o[0m
[01m[K/home/ali/Engineering/ITI/low_speed_self_driving_vehicles/project_camera_calibration/implementations/CameraCalibration1/build/ros2Ws/src/elp_pkg/src/elp_calibrate.cpp:[m[K In member function â€˜[01m[Kcv::Mat Node1::Compute_disparity(cv::Mat, cv::Mat)[m[Kâ€™:
[01m[K/home/ali/Engineering/ITI/low_speed_self_driving_vehicles/project_camera_calibration/implementations/CameraCalibration1/build/ros2Ws/src/elp_pkg/src/elp_calibrate.cpp:125:62:[m[K [01;31m[Kerror: [m[Kâ€˜[01m[Kleft_disp[m[Kâ€™ was not declared in this scope
  125 |   left_matcher-> compute(left_for_matcher, right_for_matcher,[01;31m[Kleft_disp[m[K);
      |                                                              [01;31m[K^~~~~~~~~[m[K
[01m[K/home/ali/Engineering/ITI/low_speed_self_driving_vehicles/project_camera_calibration/implementations/CameraCalibration1/build/ros2Ws/src/elp_pkg/src/elp_calibrate.cpp:126:62:[m[K [01;31m[Kerror: [m[Kâ€˜[01m[Kright_disp[m[Kâ€™ was not declared in this scope
  126 |   right_matcher->compute(right_for_matcher,left_for_matcher, [01;31m[Kright_disp[m[K);
      |                                                              [01;31m[K^~~~~~~~~~[m[K
[01m[K/home/ali/Engineering/ITI/low_speed_self_driving_vehicles/project_camera_calibration/implementations/CameraCalibration1/build/ros2Ws/src/elp_pkg/src/elp_calibrate.cpp:130:43:[m[K [01;31m[Kerror: [m[Kâ€˜[01m[Kfiltered_disp[m[Kâ€™ was not declared in this scope
  130 |         wls_filter->filter(left_disp,left,[01;31m[Kfiltered_disp[m[K,right_disp);
      |                                           [01;31m[K^~~~~~~~~~~~~[m[K
make[2]: *** [CMakeFiles/elp_calibrate.dir/build.make:63: CMakeFiles/elp_calibrate.dir/src/elp_calibrate.cpp.o] Error 1
make[1]: *** [CMakeFiles/Makefile2:78: CMakeFiles/elp_calibrate.dir/all] Error 2
make: *** [Makefile:141: all] Error 2
