[01m[K/home/ali/Engineering/ITI/low_speed_self_driving_vehicles/project_camera_calibration/implementations/CameraCalibration1/build/ros2Ws/src/elp_pkg/src/elp_calibrate.cpp:[m[K In member function â€˜[01m[Kvoid Node1::timer_cb()[m[Kâ€™:
[01m[K/home/ali/Engineering/ITI/low_speed_self_driving_vehicles/project_camera_calibration/implementations/CameraCalibration1/build/ros2Ws/src/elp_pkg/src/elp_calibrate.cpp:95:39:[m[K [01;31m[Kerror: [m[Kâ€˜[01m[Kcmap[m[Kâ€™ was not declared in this scope
   95 |      imshow("Video Player", disparity,[01;31m[Kcmap[m[K="hot");//Showing the video//
      |                                       [01;31m[K^~~~[m[K
[01m[K/home/ali/Engineering/ITI/low_speed_self_driving_vehicles/project_camera_calibration/implementations/CameraCalibration1/build/ros2Ws/src/elp_pkg/src/elp_calibrate.cpp:[m[K In member function â€˜[01m[Kcv::Mat Node1::Compute_disparity(cv::Mat, cv::Mat)[m[Kâ€™:
[01m[K/home/ali/Engineering/ITI/low_speed_self_driving_vehicles/project_camera_calibration/implementations/CameraCalibration1/build/ros2Ws/src/elp_pkg/src/elp_calibrate.cpp:138:3:[m[K [01;31m[Kerror: [m[Kâ€˜[01m[KROI[m[Kâ€™ was not declared in this scope
  138 |   [01;31m[KROI[m[K = computeROI(left_for_matcher.size(),matcher);
      |   [01;31m[K^~~[m[K
[01m[K/home/ali/Engineering/ITI/low_speed_self_driving_vehicles/project_camera_calibration/implementations/CameraCalibration1/build/ros2Ws/src/elp_pkg/src/elp_calibrate.cpp:138:9:[m[K [01;31m[Kerror: [m[Kâ€˜[01m[KcomputeROI[m[Kâ€™ was not declared in this scope
  138 |   ROI = [01;31m[KcomputeROI[m[K(left_for_matcher.size(),matcher);
      |         [01;31m[K^~~~~~~~~~[m[K
[01m[K/home/ali/Engineering/ITI/low_speed_self_driving_vehicles/project_camera_calibration/implementations/CameraCalibration1/build/ros2Ws/src/elp_pkg/src/elp_calibrate.cpp:142:3:[m[K [01;31m[Kerror: [m[Kâ€˜[01m[Kmatching_time[m[Kâ€™ was not declared in this scope
  142 |   [01;31m[Kmatching_time[m[K = (double)getTickCount();
      |   [01;31m[K^~~~~~~~~~~~~[m[K
make[2]: *** [CMakeFiles/elp_calibrate.dir/build.make:63: CMakeFiles/elp_calibrate.dir/src/elp_calibrate.cpp.o] Error 1
make[1]: *** [CMakeFiles/Makefile2:78: CMakeFiles/elp_calibrate.dir/all] Error 2
make: *** [Makefile:141: all] Error 2
