[0.050s] Invoking command in '/home/ali/Engineering/ITI/low_speed_self_driving_vehicles/project_camera_calibration/implementations/CameraCalibration1/build/ros2Ws/build/elp_pkg': CMAKE_PREFIX_PATH=${CMAKE_PREFIX_PATH}:/home/ali/Engineering/ITI/low_speed_self_driving_vehicles/ROS_lectures/GWS/install/tekomoro_tf:/home/ali/Engineering/ITI/low_speed_self_driving_vehicles/ROS_lectures/GWS/install/python_qos_demo:/home/ali/Engineering/ITI/low_speed_self_driving_vehicles/ROS_lectures/GWS/install/pkg_name:/home/ali/Engineering/ITI/low_speed_self_driving_vehicles/ROS_lectures/GWS/install/localization_lab2:/home/ali/Engineering/ITI/low_speed_self_driving_vehicles/ROS_lectures/GWS/install/localization_lab1:/home/ali/Engineering/ITI/low_speed_self_driving_vehicles/ROS_lectures/GWS/install/iti_lab_9:/home/ali/Engineering/ITI/low_speed_self_driving_vehicles/ROS_lectures/GWS/install/iti_lab_8:/home/ali/Engineering/ITI/low_speed_self_driving_vehicles/ROS_lectures/GWS/install/iti_lab7:/home/ali/Engineering/ITI/low_speed_self_driving_vehicles/ROS_lectures/GWS/install/iti_lab4:/home/ali/Engineering/ITI/low_speed_self_driving_vehicles/ROS_lectures/GWS/install/iti_lab3:/home/ali/Engineering/ITI/low_speed_self_driving_vehicles/ROS_lectures/GWS/install/iti_lab2:/home/ali/Engineering/ITI/low_speed_self_driving_vehicles/ROS_lectures/GWS/install/iti_lab1:/home/ali/Engineering/ITI/low_speed_self_driving_vehicles/ROS_lectures/GWS/install/control_lab1:/home/ali/Engineering/ITI/low_speed_self_driving_vehicles/ROS_lectures/nav2_depend_ws/install/nav2_gazebo_spawner:/home/ali/Engineering/ITI/low_speed_self_driving_vehicles/ROS_lectures/projectWs/install/ros2_project:/opt/ros/foxy /usr/bin/cmake --build /home/ali/Engineering/ITI/low_speed_self_driving_vehicles/project_camera_calibration/implementations/CameraCalibration1/build/ros2Ws/build/elp_pkg -- -j4 -l4
[0.153s] [35m[1mScanning dependencies of target elp_calibrate[0m
[0.219s] [ 50%] [32mBuilding CXX object CMakeFiles/elp_calibrate.dir/src/elp_calibrate.cpp.o[0m
[3.952s] [01m[K/home/ali/Engineering/ITI/low_speed_self_driving_vehicles/project_camera_calibration/implementations/CameraCalibration1/build/ros2Ws/src/elp_pkg/src/elp_calibrate.cpp:[m[K In member function â€˜[01m[Kvoid Node1::elp_l(sensor_msgs::msg::Image_<std::allocator<void> >::SharedPtr) const[m[Kâ€™:
[3.953s] [01m[K/home/ali/Engineering/ITI/low_speed_self_driving_vehicles/project_camera_calibration/implementations/CameraCalibration1/build/ros2Ws/src/elp_pkg/src/elp_calibrate.cpp:54:18:[m[K [01;31m[Kerror: [m[Kâ€˜[01m[KCvBridge[m[Kâ€™ is not a member of â€˜[01m[Ksensor_msgs[m[Kâ€™
[3.953s]    54 |     sensor_msgs::[01;31m[KCvBridge[m[K img_bridge_;
[3.953s]       |                  [01;31m[K^~~~~~~~[m[K
[3.957s] [01m[K/home/ali/Engineering/ITI/low_speed_self_driving_vehicles/project_camera_calibration/implementations/CameraCalibration1/build/ros2Ws/src/elp_pkg/src/elp_calibrate.cpp:56:34:[m[K [01;31m[Kerror: [m[Kâ€˜[01m[Kbridge_[m[Kâ€™ was not declared in this scope
[3.957s]    56 |         IplImage *in_image_ipl = [01;31m[Kbridge_[m[K.imgMsgToCv(msg, "passthrough");
[3.957s]       |                                  [01;31m[K^~~~~~~[m[K
[3.957s] [01m[K/home/ali/Engineering/ITI/low_speed_self_driving_vehicles/project_camera_calibration/implementations/CameraCalibration1/build/ros2Ws/src/elp_pkg/src/elp_calibrate.cpp:57:28:[m[K [01;31m[Kerror: [m[Kconversion from â€˜[01m[KIplImage*[m[Kâ€™ {aka â€˜[01m[K_IplImage*[m[Kâ€™} to non-scalar type â€˜[01m[Kcv::Mat[m[Kâ€™ requested
[3.957s]    57 |         cv::Mat in_image = [01;31m[Kin_image_ipl[m[K;
[3.957s]       |                            [01;31m[K^~~~~~~~~~~~[m[K
[3.957s] [01m[K/home/ali/Engineering/ITI/low_speed_self_driving_vehicles/project_camera_calibration/implementations/CameraCalibration1/build/ros2Ws/src/elp_pkg/src/elp_calibrate.cpp:58:17:[m[K [01;31m[Kerror: [m[Kredeclaration of â€˜[01m[Kcv::Mat in_image[m[Kâ€™
[3.957s]    58 |         cv::Mat [01;31m[Kin_image[m[K = cv_bridge::toCvShare(msg, msg->encoding)->image;
[3.957s]       |                 [01;31m[K^~~~~~~~[m[K
[3.957s] [01m[K/home/ali/Engineering/ITI/low_speed_self_driving_vehicles/project_camera_calibration/implementations/CameraCalibration1/build/ros2Ws/src/elp_pkg/src/elp_calibrate.cpp:57:17:[m[K [01;36m[Knote: [m[Kâ€˜[01m[Kcv::Mat in_image[m[Kâ€™ previously declared here
[3.957s]    57 |         cv::Mat [01;36m[Kin_image[m[K = in_image_ipl;
[3.958s]       |                 [01;36m[K^~~~~~~~[m[K
[3.968s] [01m[K/home/ali/Engineering/ITI/low_speed_self_driving_vehicles/project_camera_calibration/implementations/CameraCalibration1/build/ros2Ws/src/elp_pkg/src/elp_calibrate.cpp:60:25:[m[K [01;31m[Kerror: [m[Kâ€˜[01m[Kimg[m[Kâ€™ was not declared in this scope
[3.968s]    60 |   cv::imwrite("t1.jpg", [01;31m[Kimg[m[K);
[3.968s]       |                         [01;31m[K^~~[m[K
[3.978s] [01m[K/home/ali/Engineering/ITI/low_speed_self_driving_vehicles/project_camera_calibration/implementations/CameraCalibration1/build/ros2Ws/src/elp_pkg/src/elp_calibrate.cpp:[m[K In member function â€˜[01m[Kvoid Node1::elp_r(sensor_msgs::msg::Image_<std::allocator<void> >::SharedPtr) const[m[Kâ€™:
[3.978s] [01m[K/home/ali/Engineering/ITI/low_speed_self_driving_vehicles/project_camera_calibration/implementations/CameraCalibration1/build/ros2Ws/src/elp_pkg/src/elp_calibrate.cpp:68:25:[m[K [01;31m[Kerror: [m[Kinvalid initialization of reference of type â€˜[01m[Kcv::InputArray[m[Kâ€™ {aka â€˜[01m[Kconst cv::_InputArray&[m[Kâ€™} from expression of type â€˜[01m[Kcv_bridge::CvImagePtr[m[Kâ€™ {aka â€˜[01m[Kstd::shared_ptr<cv_bridge::CvImage>[m[Kâ€™}
[3.978s]    68 |   cv::imwrite("t2.jpg", [01;31m[Kcv_ptr[m[K);
[3.978s]       |                         [01;31m[K^~~~~~[m[K
[3.978s] In file included from [01m[K/usr/local/include/opencv4/opencv2/highgui.hpp:48[m[K,
[3.979s]                  from [01m[K/usr/local/include/opencv4/opencv2/opencv.hpp:68[m[K,
[3.979s]                  from [01m[K/home/ali/Engineering/ITI/low_speed_self_driving_vehicles/project_camera_calibration/implementations/CameraCalibration1/build/ros2Ws/src/elp_pkg/src/elp_calibrate.cpp:19[m[K:
[3.979s] [01m[K/usr/local/include/opencv4/opencv2/imgcodecs.hpp:267:63:[m[K [01;36m[Knote: [m[Kin passing argument 2 of â€˜[01m[Kbool cv::imwrite(const String&, cv::InputArray, const std::vector<int>&)[m[Kâ€™
[3.979s]   267 | CV_EXPORTS_W bool imwrite( const String& filename, [01;36m[KInputArray img[m[K,
[3.979s]       |                                                    [01;36m[K~~~~~~~~~~~^~~[m[K
[6.914s] make[2]: *** [CMakeFiles/elp_calibrate.dir/build.make:63: CMakeFiles/elp_calibrate.dir/src/elp_calibrate.cpp.o] Error 1
[6.915s] make[1]: *** [CMakeFiles/Makefile2:78: CMakeFiles/elp_calibrate.dir/all] Error 2
[6.915s] make: *** [Makefile:141: all] Error 2
[6.918s] Invoked command in '/home/ali/Engineering/ITI/low_speed_self_driving_vehicles/project_camera_calibration/implementations/CameraCalibration1/build/ros2Ws/build/elp_pkg' returned '2': CMAKE_PREFIX_PATH=${CMAKE_PREFIX_PATH}:/home/ali/Engineering/ITI/low_speed_self_driving_vehicles/ROS_lectures/GWS/install/tekomoro_tf:/home/ali/Engineering/ITI/low_speed_self_driving_vehicles/ROS_lectures/GWS/install/python_qos_demo:/home/ali/Engineering/ITI/low_speed_self_driving_vehicles/ROS_lectures/GWS/install/pkg_name:/home/ali/Engineering/ITI/low_speed_self_driving_vehicles/ROS_lectures/GWS/install/localization_lab2:/home/ali/Engineering/ITI/low_speed_self_driving_vehicles/ROS_lectures/GWS/install/localization_lab1:/home/ali/Engineering/ITI/low_speed_self_driving_vehicles/ROS_lectures/GWS/install/iti_lab_9:/home/ali/Engineering/ITI/low_speed_self_driving_vehicles/ROS_lectures/GWS/install/iti_lab_8:/home/ali/Engineering/ITI/low_speed_self_driving_vehicles/ROS_lectures/GWS/install/iti_lab7:/home/ali/Engineering/ITI/low_speed_self_driving_vehicles/ROS_lectures/GWS/install/iti_lab4:/home/ali/Engineering/ITI/low_speed_self_driving_vehicles/ROS_lectures/GWS/install/iti_lab3:/home/ali/Engineering/ITI/low_speed_self_driving_vehicles/ROS_lectures/GWS/install/iti_lab2:/home/ali/Engineering/ITI/low_speed_self_driving_vehicles/ROS_lectures/GWS/install/iti_lab1:/home/ali/Engineering/ITI/low_speed_self_driving_vehicles/ROS_lectures/GWS/install/control_lab1:/home/ali/Engineering/ITI/low_speed_self_driving_vehicles/ROS_lectures/nav2_depend_ws/install/nav2_gazebo_spawner:/home/ali/Engineering/ITI/low_speed_self_driving_vehicles/ROS_lectures/projectWs/install/ros2_project:/opt/ros/foxy /usr/bin/cmake --build /home/ali/Engineering/ITI/low_speed_self_driving_vehicles/project_camera_calibration/implementations/CameraCalibration1/build/ros2Ws/build/elp_pkg -- -j4 -l4
