[0.075s] Invoking command in '/home/ali/Engineering/ITI/low_speed_self_driving_vehicles/project_camera_calibration/implementations/CameraCalibration1/build/ros2Ws/build/elp_pkg': CMAKE_PREFIX_PATH=${CMAKE_PREFIX_PATH}:/home/ali/Engineering/ITI/low_speed_self_driving_vehicles/ROS_lectures/GWS/install/tekomoro_tf:/home/ali/Engineering/ITI/low_speed_self_driving_vehicles/ROS_lectures/GWS/install/python_qos_demo:/home/ali/Engineering/ITI/low_speed_self_driving_vehicles/ROS_lectures/GWS/install/pkg_name:/home/ali/Engineering/ITI/low_speed_self_driving_vehicles/ROS_lectures/GWS/install/localization_lab2:/home/ali/Engineering/ITI/low_speed_self_driving_vehicles/ROS_lectures/GWS/install/localization_lab1:/home/ali/Engineering/ITI/low_speed_self_driving_vehicles/ROS_lectures/GWS/install/iti_lab_9:/home/ali/Engineering/ITI/low_speed_self_driving_vehicles/ROS_lectures/GWS/install/iti_lab_8:/home/ali/Engineering/ITI/low_speed_self_driving_vehicles/ROS_lectures/GWS/install/iti_lab7:/home/ali/Engineering/ITI/low_speed_self_driving_vehicles/ROS_lectures/GWS/install/iti_lab4:/home/ali/Engineering/ITI/low_speed_self_driving_vehicles/ROS_lectures/GWS/install/iti_lab3:/home/ali/Engineering/ITI/low_speed_self_driving_vehicles/ROS_lectures/GWS/install/iti_lab2:/home/ali/Engineering/ITI/low_speed_self_driving_vehicles/ROS_lectures/GWS/install/iti_lab1:/home/ali/Engineering/ITI/low_speed_self_driving_vehicles/ROS_lectures/GWS/install/control_lab1:/home/ali/Engineering/ITI/low_speed_self_driving_vehicles/ROS_lectures/nav2_depend_ws/install/nav2_gazebo_spawner:/home/ali/Engineering/ITI/low_speed_self_driving_vehicles/ROS_lectures/projectWs/install/ros2_project:/opt/ros/foxy /usr/bin/cmake --build /home/ali/Engineering/ITI/low_speed_self_driving_vehicles/project_camera_calibration/implementations/CameraCalibration1/build/ros2Ws/build/elp_pkg -- -j4 -l4
[0.129s] [35m[1mScanning dependencies of target elp_calibrate[0m
[0.180s] [ 50%] [32mBuilding CXX object CMakeFiles/elp_calibrate.dir/src/elp_calibrate.cpp.o[0m
[3.029s] [01m[K/home/ali/Engineering/ITI/low_speed_self_driving_vehicles/project_camera_calibration/implementations/CameraCalibration1/build/ros2Ws/src/elp_pkg/src/elp_calibrate.cpp:[m[K In member function â€˜[01m[Kvoid Node1::elp_l(sensor_msgs::msg::Image_<std::allocator<void> >::SharedPtr) const[m[Kâ€™:
[3.030s] [01m[K/home/ali/Engineering/ITI/low_speed_self_driving_vehicles/project_camera_calibration/implementations/CameraCalibration1/build/ros2Ws/src/elp_pkg/src/elp_calibrate.cpp:56:34:[m[K [01;31m[Kerror: [m[Kno matching function for call to â€˜[01m[Kcv::Mat::Mat(std::shared_ptr<cv_bridge::CvImage>&)[m[Kâ€™
[3.030s]    56 |   cv::imwrite("t1.jpg", (cv::Mat)[01;31m[KcolorPtr[m[K);
[3.030s]       |                                  [01;31m[K^~~~~~~~[m[K
[3.030s] In file included from [01m[K/usr/local/include/opencv4/opencv2/core.hpp:58[m[K,
[3.030s]                  from [01m[K/usr/local/include/opencv4/opencv2/opencv.hpp:52[m[K,
[3.031s]                  from [01m[K/home/ali/Engineering/ITI/low_speed_self_driving_vehicles/project_camera_calibration/implementations/CameraCalibration1/build/ros2Ws/src/elp_pkg/src/elp_calibrate.cpp:19[m[K:
[3.031s] [01m[K/usr/local/include/opencv4/opencv2/core/mat.hpp:2091:5:[m[K [01;36m[Knote: [m[Kcandidate: â€˜[01m[Kcv::Mat::Mat(cv::Mat&&)[m[Kâ€™
[3.031s]  2091 |     [01;36m[KMat[m[K(Mat&& m);
[3.031s]       |     [01;36m[K^~~[m[K
[3.031s] [01m[K/usr/local/include/opencv4/opencv2/core/mat.hpp:2091:15:[m[K [01;36m[Knote: [m[K  no known conversion for argument 1 from â€˜[01m[Kstd::shared_ptr<cv_bridge::CvImage>[m[Kâ€™ to â€˜[01m[Kcv::Mat&&[m[Kâ€™
[3.031s]  2091 |     Mat([01;36m[KMat&& m[m[K);
[3.031s]       |         [01;36m[K~~~~~~^[m[K
[3.031s] In file included from [01m[K/usr/local/include/opencv4/opencv2/core/cuda.hpp:1268[m[K,
[3.031s]                  from [01m[K/usr/local/include/opencv4/opencv2/stitching/detail/warpers.hpp:47[m[K,
[3.031s]                  from [01m[K/usr/local/include/opencv4/opencv2/stitching/warpers.hpp:46[m[K,
[3.031s]                  from [01m[K/usr/local/include/opencv4/opencv2/stitching.hpp:48[m[K,
[3.031s]                  from [01m[K/usr/local/include/opencv4/opencv2/opencv.hpp:86[m[K,
[3.032s]                  from [01m[K/home/ali/Engineering/ITI/low_speed_self_driving_vehicles/project_camera_calibration/implementations/CameraCalibration1/build/ros2Ws/src/elp_pkg/src/elp_calibrate.cpp:19[m[K:
[3.032s] [01m[K/usr/local/include/opencv4/opencv2/core/cuda.inl.hpp:713:1:[m[K [01;36m[Knote: [m[Kcandidate: â€˜[01m[Kcv::Mat::Mat(const cv::cuda::GpuMat&)[m[Kâ€™
[3.032s]   713 | [01;36m[KMat[m[K::Mat(const cuda::GpuMat& m)
[3.032s]       | [01;36m[K^~~[m[K
[3.032s] [01m[K/usr/local/include/opencv4/opencv2/core/cuda.inl.hpp:713:30:[m[K [01;36m[Knote: [m[K  no known conversion for argument 1 from â€˜[01m[Kstd::shared_ptr<cv_bridge::CvImage>[m[Kâ€™ to â€˜[01m[Kconst cv::cuda::GpuMat&[m[Kâ€™
[3.032s]   713 | Mat::Mat([01;36m[Kconst cuda::GpuMat& m[m[K)
[3.032s]       |          [01;36m[K~~~~~~~~~~~~~~~~~~~~^[m[K
[3.032s] In file included from [01m[K/usr/local/include/opencv4/opencv2/core.hpp:58[m[K,
[3.032s]                  from [01m[K/usr/local/include/opencv4/opencv2/opencv.hpp:52[m[K,
[3.032s]                  from [01m[K/home/ali/Engineering/ITI/low_speed_self_driving_vehicles/project_camera_calibration/implementations/CameraCalibration1/build/ros2Ws/src/elp_pkg/src/elp_calibrate.cpp:19[m[K:
[3.032s] [01m[K/usr/local/include/opencv4/opencv2/core/mat.hpp:1048:37:[m[K [01;36m[Knote: [m[Kcandidate: â€˜[01m[Ktemplate<class _Tp> cv::Mat::Mat(const cv::MatCommaInitializer_<_Tp>&)[m[Kâ€™
[3.033s]  1048 |     template<typename _Tp> explicit [01;36m[KMat[m[K(const MatCommaInitializer_<_Tp>& commaInitializer);
[3.033s]       |                                     [01;36m[K^~~[m[K
[3.033s] [01m[K/usr/local/include/opencv4/opencv2/core/mat.hpp:1048:37:[m[K [01;36m[Knote: [m[K  template argument deduction/substitution failed:
[3.033s] [01m[K/home/ali/Engineering/ITI/low_speed_self_driving_vehicles/project_camera_calibration/implementations/CameraCalibration1/build/ros2Ws/src/elp_pkg/src/elp_calibrate.cpp:56:34:[m[K [01;36m[Knote: [m[K  â€˜[01m[Kstd::shared_ptr<cv_bridge::CvImage>[m[Kâ€™ is not derived from â€˜[01m[Kconst cv::MatCommaInitializer_<_Tp>[m[Kâ€™
[3.033s]    56 |   cv::imwrite("t1.jpg", (cv::Mat)[01;36m[KcolorPtr[m[K);
[3.033s]       |                                  [01;36m[K^~~~~~~~[m[K
[3.033s] In file included from [01m[K/usr/local/include/opencv4/opencv2/core.hpp:58[m[K,
[3.033s]                  from [01m[K/usr/local/include/opencv4/opencv2/opencv.hpp:52[m[K,
[3.033s]                  from [01m[K/home/ali/Engineering/ITI/low_speed_self_driving_vehicles/project_camera_calibration/implementations/CameraCalibration1/build/ros2Ws/src/elp_pkg/src/elp_calibrate.cpp:19[m[K:
[3.033s] [01m[K/usr/local/include/opencv4/opencv2/core/mat.hpp:1044:37:[m[K [01;36m[Knote: [m[Kcandidate: â€˜[01m[Ktemplate<class _Tp> cv::Mat::Mat(const cv::Point3_<_Tp>&, bool)[m[Kâ€™
[3.033s]  1044 |     template<typename _Tp> explicit [01;36m[KMat[m[K(const Point3_<_Tp>& pt, bool copyData=true);
[3.033s]       |                                     [01;36m[K^~~[m[K
[3.034s] [01m[K/usr/local/include/opencv4/opencv2/core/mat.hpp:1044:37:[m[K [01;36m[Knote: [m[K  template argument deduction/substitution failed:
[3.034s] [01m[K/home/ali/Engineering/ITI/low_speed_self_driving_vehicles/project_camera_calibration/implementations/CameraCalibration1/build/ros2Ws/src/elp_pkg/src/elp_calibrate.cpp:56:34:[m[K [01;36m[Knote: [m[K  â€˜[01m[Kstd::shared_ptr<cv_bridge::CvImage>[m[Kâ€™ is not derived from â€˜[01m[Kconst cv::Point3_<_Tp>[m[Kâ€™
[3.034s]    56 |   cv::imwrite("t1.jpg", (cv::Mat)[01;36m[KcolorPtr[m[K);
[3.034s]       |                                  [01;36m[K^~~~~~~~[m[K
[3.034s] In file included from [01m[K/usr/local/include/opencv4/opencv2/core.hpp:58[m[K,
[3.034s]                  from [01m[K/usr/local/include/opencv4/opencv2/opencv.hpp:52[m[K,
[3.034s]                  from [01m[K/home/ali/Engineering/ITI/low_speed_self_driving_vehicles/project_camera_calibration/implementations/CameraCalibration1/build/ros2Ws/src/elp_pkg/src/elp_calibrate.cpp:19[m[K:
[3.035s] [01m[K/usr/local/include/opencv4/opencv2/core/mat.hpp:1040:37:[m[K [01;36m[Knote: [m[Kcandidate: â€˜[01m[Ktemplate<class _Tp> cv::Mat::Mat(const cv::Point_<_Tp>&, bool)[m[Kâ€™
[3.035s]  1040 |     template<typename _Tp> explicit [01;36m[KMat[m[K(const Point_<_Tp>& pt, bool copyData=true);
[3.035s]       |                                     [01;36m[K^~~[m[K
[3.035s] [01m[K/usr/local/include/opencv4/opencv2/core/mat.hpp:1040:37:[m[K [01;36m[Knote: [m[K  template argument deduction/substitution failed:
[3.035s] [01m[K/home/ali/Engineering/ITI/low_speed_self_driving_vehicles/project_camera_calibration/implementations/CameraCalibration1/build/ros2Ws/src/elp_pkg/src/elp_calibrate.cpp:56:34:[m[K [01;36m[Knote: [m[K  â€˜[01m[Kstd::shared_ptr<cv_bridge::CvImage>[m[Kâ€™ is not derived from â€˜[01m[Kconst cv::Point_<_Tp>[m[Kâ€™
[3.035s]    56 |   cv::imwrite("t1.jpg", (cv::Mat)[01;36m[KcolorPtr[m[K);
[3.035s]       |                                  [01;36m[K^~~~~~~~[m[K
[3.035s] In file included from [01m[K/usr/local/include/opencv4/opencv2/core.hpp:58[m[K,
[3.035s]                  from [01m[K/usr/local/include/opencv4/opencv2/opencv.hpp:52[m[K,
[3.035s]                  from [01m[K/home/ali/Engineering/ITI/low_speed_self_driving_vehicles/project_camera_calibration/implementations/CameraCalibration1/build/ros2Ws/src/elp_pkg/src/elp_calibrate.cpp:19[m[K:
[3.035s] [01m[K/usr/local/include/opencv4/opencv2/core/mat.hpp:1036:51:[m[K [01;36m[Knote: [m[Kcandidate: â€˜[01m[Ktemplate<class _Tp, int m, int n> cv::Mat::Mat(const cv::Matx<_Tp, m, n>&, bool)[m[Kâ€™
[3.035s]  1036 |     template<typename _Tp, int m, int n> explicit [01;36m[KMat[m[K(const Matx<_Tp, m, n>& mtx, bool copyData=true);
[3.036s]       |                                                   [01;36m[K^~~[m[K
[3.036s] [01m[K/usr/local/include/opencv4/opencv2/core/mat.hpp:1036:51:[m[K [01;36m[Knote: [m[K  template argument deduction/substitution failed:
[3.036s] [01m[K/home/ali/Engineering/ITI/low_speed_self_driving_vehicles/project_camera_calibration/implementations/CameraCalibration1/build/ros2Ws/src/elp_pkg/src/elp_calibrate.cpp:56:34:[m[K [01;36m[Knote: [m[K  â€˜[01m[Kstd::shared_ptr<cv_bridge::CvImage>[m[Kâ€™ is not derived from â€˜[01m[Kconst cv::Matx<_Tp, m, n>[m[Kâ€™
[3.036s]    56 |   cv::imwrite("t1.jpg", (cv::Mat)[01;36m[KcolorPtr[m[K);
[3.036s]       |                                  [01;36m[K^~~~~~~~[m[K
[3.036s] In file included from [01m[K/usr/local/include/opencv4/opencv2/core.hpp:58[m[K,
[3.036s]                  from [01m[K/usr/local/include/opencv4/opencv2/opencv.hpp:52[m[K,
[3.036s]                  from [01m[K/home/ali/Engineering/ITI/low_speed_self_driving_vehicles/project_camera_calibration/implementations/CameraCalibration1/build/ros2Ws/src/elp_pkg/src/elp_calibrate.cpp:19[m[K:
[3.036s] [01m[K/usr/local/include/opencv4/opencv2/core/mat.hpp:1032:44:[m[K [01;36m[Knote: [m[Kcandidate: â€˜[01m[Ktemplate<class _Tp, int n> cv::Mat::Mat(const cv::Vec<_Tp, m>&, bool)[m[Kâ€™
[3.036s]  1032 |     template<typename _Tp, int n> explicit [01;36m[KMat[m[K(const Vec<_Tp, n>& vec, bool copyData=true);
[3.036s]       |                                            [01;36m[K^~~[m[K
[3.036s] [01m[K/usr/local/include/opencv4/opencv2/core/mat.hpp:1032:44:[m[K [01;36m[Knote: [m[K  template argument deduction/substitution failed:
[3.036s] [01m[K/home/ali/Engineering/ITI/low_speed_self_driving_vehicles/project_camera_calibration/implementations/CameraCalibration1/build/ros2Ws/src/elp_pkg/src/elp_calibrate.cpp:56:34:[m[K [01;36m[Knote: [m[K  â€˜[01m[Kstd::shared_ptr<cv_bridge::CvImage>[m[Kâ€™ is not derived from â€˜[01m[Kconst cv::Vec<_Tp, m>[m[Kâ€™
[3.037s]    56 |   cv::imwrite("t1.jpg", (cv::Mat)[01;36m[KcolorPtr[m[K);
[3.037s]       |                                  [01;36m[K^~~~~~~~[m[K
[3.037s] In file included from [01m[K/usr/local/include/opencv4/opencv2/core.hpp:58[m[K,
[3.037s]                  from [01m[K/usr/local/include/opencv4/opencv2/opencv.hpp:52[m[K,
[3.037s]                  from [01m[K/home/ali/Engineering/ITI/low_speed_self_driving_vehicles/project_camera_calibration/implementations/CameraCalibration1/build/ros2Ws/src/elp_pkg/src/elp_calibrate.cpp:19[m[K:
[3.037s] [01m[K/usr/local/include/opencv4/opencv2/core/mat.hpp:1028:49:[m[K [01;36m[Knote: [m[Kcandidate: â€˜[01m[Ktemplate<class _Tp, long unsigned int _Nm> cv::Mat::Mat(const std::array<_Tp, _Nm>&, bool)[m[Kâ€™
[3.037s]  1028 |     template<typename _Tp, size_t _Nm> explicit [01;36m[KMat[m[K(const std::array<_Tp, _Nm>& arr, bool copyData=false);
[3.037s]       |                                                 [01;36m[K^~~[m[K
[3.037s] [01m[K/usr/local/include/opencv4/opencv2/core/mat.hpp:1028:49:[m[K [01;36m[Knote: [m[K  template argument deduction/substitution failed:
[3.037s] [01m[K/home/ali/Engineering/ITI/low_speed_self_driving_vehicles/project_camera_calibration/implementations/CameraCalibration1/build/ros2Ws/src/elp_pkg/src/elp_calibrate.cpp:56:34:[m[K [01;36m[Knote: [m[K  â€˜[01m[Kstd::shared_ptr<cv_bridge::CvImage>[m[Kâ€™ is not derived from â€˜[01m[Kconst std::array<_Tp, _Nm>[m[Kâ€™
[3.037s]    56 |   cv::imwrite("t1.jpg", (cv::Mat)[01;36m[KcolorPtr[m[K);
[3.037s]       |                                  [01;36m[K^~~~~~~~[m[K
[3.037s] In file included from [01m[K/usr/local/include/opencv4/opencv2/core.hpp:58[m[K,
[3.038s]                  from [01m[K/usr/local/include/opencv4/opencv2/opencv.hpp:52[m[K,
[3.038s]                  from [01m[K/home/ali/Engineering/ITI/low_speed_self_driving_vehicles/project_camera_calibration/implementations/CameraCalibration1/build/ros2Ws/src/elp_pkg/src/elp_calibrate.cpp:19[m[K:
[3.038s] [01m[K/usr/local/include/opencv4/opencv2/core/mat.hpp:1024:37:[m[K [01;36m[Knote: [m[Kcandidate: â€˜[01m[Ktemplate<class _Tp> cv::Mat::Mat(std::initializer_list<int>, std::initializer_list<_Tp>)[m[Kâ€™
[3.038s]  1024 |     template<typename _Tp> explicit [01;36m[KMat[m[K(const std::initializer_list<int> sizes, const std::initializer_list<_Tp> list);
[3.038s]       |                                     [01;36m[K^~~[m[K
[3.038s] [01m[K/usr/local/include/opencv4/opencv2/core/mat.hpp:1024:37:[m[K [01;36m[Knote: [m[K  template argument deduction/substitution failed:
[3.038s] [01m[K/home/ali/Engineering/ITI/low_speed_self_driving_vehicles/project_camera_calibration/implementations/CameraCalibration1/build/ros2Ws/src/elp_pkg/src/elp_calibrate.cpp:56:34:[m[K [01;36m[Knote: [m[K  candidate expects 2 arguments, 1 provided
[3.038s]    56 |   cv::imwrite("t1.jpg", (cv::Mat)[01;36m[KcolorPtr[m[K);
[3.038s]       |                                  [01;36m[K^~~~~~~~[m[K
[3.038s] In file included from [01m[K/usr/local/include/opencv4/opencv2/core.hpp:58[m[K,
[3.038s]                  from [01m[K/usr/local/include/opencv4/opencv2/opencv.hpp:52[m[K,
[3.039s]                  from [01m[K/home/ali/Engineering/ITI/low_speed_self_driving_vehicles/project_camera_calibration/implementations/CameraCalibration1/build/ros2Ws/src/elp_pkg/src/elp_calibrate.cpp:19[m[K:
[3.039s] [01m[K/usr/local/include/opencv4/opencv2/core/mat.hpp:1020:14:[m[K [01;36m[Knote: [m[Kcandidate: â€˜[01m[Ktemplate<class _Tp, class> cv::Mat::Mat(std::initializer_list<_Tp>)[m[Kâ€™
[3.039s]  1020 |     explicit [01;36m[KMat[m[K(const std::initializer_list<_Tp> list);
[3.039s]       |              [01;36m[K^~~[m[K
[3.039s] [01m[K/usr/local/include/opencv4/opencv2/core/mat.hpp:1020:14:[m[K [01;36m[Knote: [m[K  template argument deduction/substitution failed:
[3.039s] [01m[K/home/ali/Engineering/ITI/low_speed_self_driving_vehicles/project_camera_calibration/implementations/CameraCalibration1/build/ros2Ws/src/elp_pkg/src/elp_calibrate.cpp:56:34:[m[K [01;36m[Knote: [m[K  â€˜[01m[Kstd::shared_ptr<cv_bridge::CvImage>[m[Kâ€™ is not derived from â€˜[01m[Kstd::initializer_list<_Tp>[m[Kâ€™
[3.039s]    56 |   cv::imwrite("t1.jpg", (cv::Mat)[01;36m[KcolorPtr[m[K);
[3.039s]       |                                  [01;36m[K^~~~~~~~[m[K
[3.040s] In file included from [01m[K/usr/local/include/opencv4/opencv2/core.hpp:58[m[K,
[3.040s]                  from [01m[K/usr/local/include/opencv4/opencv2/opencv.hpp:52[m[K,
[3.040s]                  from [01m[K/home/ali/Engineering/ITI/low_speed_self_driving_vehicles/project_camera_calibration/implementations/CameraCalibration1/build/ros2Ws/src/elp_pkg/src/elp_calibrate.cpp:19[m[K:
[3.040s] [01m[K/usr/local/include/opencv4/opencv2/core/mat.hpp:1015:37:[m[K [01;36m[Knote: [m[Kcandidate: â€˜[01m[Ktemplate<class _Tp> cv::Mat::Mat(const std::vector<_Tp>&, bool)[m[Kâ€™
[3.040s]  1015 |     template<typename _Tp> explicit [01;36m[KMat[m[K(const std::vector<_Tp>& vec, bool copyData=false);
[3.040s]       |                                     [01;36m[K^~~[m[K
[3.040s] [01m[K/usr/local/include/opencv4/opencv2/core/mat.hpp:1015:37:[m[K [01;36m[Knote: [m[K  template argument deduction/substitution failed:
[3.040s] [01m[K/home/ali/Engineering/ITI/low_speed_self_driving_vehicles/project_camera_calibration/implementations/CameraCalibration1/build/ros2Ws/src/elp_pkg/src/elp_calibrate.cpp:56:34:[m[K [01;36m[Knote: [m[K  â€˜[01m[Kstd::shared_ptr<cv_bridge::CvImage>[m[Kâ€™ is not derived from â€˜[01m[Kconst std::vector<_Tp>[m[Kâ€™
[3.040s]    56 |   cv::imwrite("t1.jpg", (cv::Mat)[01;36m[KcolorPtr[m[K);
[3.040s]       |                                  [01;36m[K^~~~~~~~[m[K
[3.040s] In file included from [01m[K/usr/local/include/opencv4/opencv2/core.hpp:58[m[K,
[3.040s]                  from [01m[K/usr/local/include/opencv4/opencv2/opencv.hpp:52[m[K,
[3.040s]                  from [01m[K/home/ali/Engineering/ITI/low_speed_self_driving_vehicles/project_camera_calibration/implementations/CameraCalibration1/build/ros2Ws/src/elp_pkg/src/elp_calibrate.cpp:19[m[K:
[3.040s] [01m[K/usr/local/include/opencv4/opencv2/core/mat.hpp:997:5:[m[K [01;36m[Knote: [m[Kcandidate: â€˜[01m[Kcv::Mat::Mat(const cv::Mat&, const std::vector<cv::Range>&)[m[Kâ€™
[3.041s]   997 |     [01;36m[KMat[m[K(const Mat& m, const std::vector<Range>& ranges);
[3.041s]       |     [01;36m[K^~~[m[K
[3.041s] [01m[K/usr/local/include/opencv4/opencv2/core/mat.hpp:997:5:[m[K [01;36m[Knote: [m[K  candidate expects 2 arguments, 1 provided
[3.041s] [01m[K/usr/local/include/opencv4/opencv2/core/mat.hpp:987:5:[m[K [01;36m[Knote: [m[Kcandidate: â€˜[01m[Kcv::Mat::Mat(const cv::Mat&, const cv::Range*)[m[Kâ€™
[3.041s]   987 |     [01;36m[KMat[m[K(const Mat& m, const Range* ranges);
[3.041s]       |     [01;36m[K^~~[m[K
[3.041s] [01m[K/usr/local/include/opencv4/opencv2/core/mat.hpp:987:5:[m[K [01;36m[Knote: [m[K  candidate expects 2 arguments, 1 provided
[3.041s] [01m[K/usr/local/include/opencv4/opencv2/core/mat.hpp:977:5:[m[K [01;36m[Knote: [m[Kcandidate: â€˜[01m[Kcv::Mat::Mat(const cv::Mat&, const Rect&)[m[Kâ€™
[3.041s]   977 |     [01;36m[KMat[m[K(const Mat& m, const Rect& roi);
[3.041s]       |     [01;36m[K^~~[m[K
[3.041s] [01m[K/usr/local/include/opencv4/opencv2/core/mat.hpp:977:5:[m[K [01;36m[Knote: [m[K  candidate expects 2 arguments, 1 provided
[3.041s] [01m[K/usr/local/include/opencv4/opencv2/core/mat.hpp:967:5:[m[K [01;36m[Knote: [m[Kcandidate: â€˜[01m[Kcv::Mat::Mat(const cv::Mat&, const cv::Range&, const cv::Range&)[m[Kâ€™
[3.041s]   967 |     [01;36m[KMat[m[K(const Mat& m, const Range& rowRange, const Range& colRange=Range::all());
[3.042s]       |     [01;36m[K^~~[m[K
[3.042s] [01m[K/usr/local/include/opencv4/opencv2/core/mat.hpp:967:5:[m[K [01;36m[Knote: [m[K  candidate expects 3 arguments, 1 provided
[3.042s] [01m[K/usr/local/include/opencv4/opencv2/core/mat.hpp:955:5:[m[K [01;36m[Knote: [m[Kcandidate: â€˜[01m[Kcv::Mat::Mat(const std::vector<int>&, int, void*, const size_t*)[m[Kâ€™
[3.042s]   955 |     [01;36m[KMat[m[K(const std::vector<int>& sizes, int type, void* data, const size_t* steps=0);
[3.042s]       |     [01;36m[K^~~[m[K
[3.042s] [01m[K/usr/local/include/opencv4/opencv2/core/mat.hpp:955:5:[m[K [01;36m[Knote: [m[K  candidate expects 4 arguments, 1 provided
[3.042s] [01m[K/usr/local/include/opencv4/opencv2/core/mat.hpp:941:5:[m[K [01;36m[Knote: [m[Kcandidate: â€˜[01m[Kcv::Mat::Mat(int, const int*, int, void*, const size_t*)[m[Kâ€™
[3.042s]   941 |     [01;36m[KMat[m[K(int ndims, const int* sizes, int type, void* data, const size_t* steps=0);
[3.042s]       |     [01;36m[K^~~[m[K
[3.042s] [01m[K/usr/local/include/opencv4/opencv2/core/mat.hpp:941:5:[m[K [01;36m[Knote: [m[K  candidate expects 5 arguments, 1 provided
[3.042s] [01m[K/usr/local/include/opencv4/opencv2/core/mat.hpp:926:5:[m[K [01;36m[Knote: [m[Kcandidate: â€˜[01m[Kcv::Mat::Mat(cv::Size, int, void*, size_t)[m[Kâ€™
[3.042s]   926 |     [01;36m[KMat[m[K(Size size, int type, void* data, size_t step=AUTO_STEP);
[3.042s]       |     [01;36m[K^~~[m[K
[3.043s] [01m[K/usr/local/include/opencv4/opencv2/core/mat.hpp:926:5:[m[K [01;36m[Knote: [m[K  candidate expects 4 arguments, 1 provided
[3.043s] [01m[K/usr/local/include/opencv4/opencv2/core/mat.hpp:910:5:[m[K [01;36m[Knote: [m[Kcandidate: â€˜[01m[Kcv::Mat::Mat(int, int, int, void*, size_t)[m[Kâ€™
[3.043s]   910 |     [01;36m[KMat[m[K(int rows, int cols, int type, void* data, size_t step=AUTO_STEP);
[3.043s]       |     [01;36m[K^~~[m[K
[3.043s] [01m[K/usr/local/include/opencv4/opencv2/core/mat.hpp:910:5:[m[K [01;36m[Knote: [m[K  candidate expects 5 arguments, 1 provided
[3.043s] [01m[K/usr/local/include/opencv4/opencv2/core/mat.hpp:894:5:[m[K [01;36m[Knote: [m[Kcandidate: â€˜[01m[Kcv::Mat::Mat(const cv::Mat&)[m[Kâ€™
[3.043s]   894 |     [01;36m[KMat[m[K(const Mat& m);
[3.043s]       |     [01;36m[K^~~[m[K
[3.043s] [01m[K/usr/local/include/opencv4/opencv2/core/mat.hpp:894:20:[m[K [01;36m[Knote: [m[K  no known conversion for argument 1 from â€˜[01m[Kstd::shared_ptr<cv_bridge::CvImage>[m[Kâ€™ to â€˜[01m[Kconst cv::Mat&[m[Kâ€™
[3.043s]   894 |     Mat([01;36m[Kconst Mat& m[m[K);
[3.043s]       |         [01;36m[K~~~~~~~~~~~^[m[K
[3.043s] [01m[K/usr/local/include/opencv4/opencv2/core/mat.hpp:884:5:[m[K [01;36m[Knote: [m[Kcandidate: â€˜[01m[Kcv::Mat::Mat(const std::vector<int>&, int, const Scalar&)[m[Kâ€™
[3.043s]   884 |     [01;36m[KMat[m[K(const std::vector<int>& sizes, int type, const Scalar& s);
[3.043s]       |     [01;36m[K^~~[m[K
[3.044s] [01m[K/usr/local/include/opencv4/opencv2/core/mat.hpp:884:5:[m[K [01;36m[Knote: [m[K  candidate expects 3 arguments, 1 provided
[3.044s] [01m[K/usr/local/include/opencv4/opencv2/core/mat.hpp:874:5:[m[K [01;36m[Knote: [m[Kcandidate: â€˜[01m[Kcv::Mat::Mat(int, const int*, int, const Scalar&)[m[Kâ€™
[3.044s]   874 |     [01;36m[KMat[m[K(int ndims, const int* sizes, int type, const Scalar& s);
[3.044s]       |     [01;36m[K^~~[m[K
[3.044s] [01m[K/usr/local/include/opencv4/opencv2/core/mat.hpp:874:5:[m[K [01;36m[Knote: [m[K  candidate expects 4 arguments, 1 provided
[3.044s] [01m[K/usr/local/include/opencv4/opencv2/core/mat.hpp:863:5:[m[K [01;36m[Knote: [m[Kcandidate: â€˜[01m[Kcv::Mat::Mat(const std::vector<int>&, int)[m[Kâ€™
[3.044s]   863 |     [01;36m[KMat[m[K(const std::vector<int>& sizes, int type);
[3.044s]       |     [01;36m[K^~~[m[K
[3.044s] [01m[K/usr/local/include/opencv4/opencv2/core/mat.hpp:863:5:[m[K [01;36m[Knote: [m[K  candidate expects 2 arguments, 1 provided
[3.044s] [01m[K/usr/local/include/opencv4/opencv2/core/mat.hpp:856:5:[m[K [01;36m[Knote: [m[Kcandidate: â€˜[01m[Kcv::Mat::Mat(int, const int*, int)[m[Kâ€™
[3.044s]   856 |     [01;36m[KMat[m[K(int ndims, const int* sizes, int type);
[3.044s]       |     [01;36m[K^~~[m[K
[3.044s] [01m[K/usr/local/include/opencv4/opencv2/core/mat.hpp:856:5:[m[K [01;36m[Knote: [m[K  candidate expects 3 arguments, 1 provided
[3.045s] [01m[K/usr/local/include/opencv4/opencv2/core/mat.hpp:848:5:[m[K [01;36m[Knote: [m[Kcandidate: â€˜[01m[Kcv::Mat::Mat(cv::Size, int, const Scalar&)[m[Kâ€™
[3.045s]   848 |     [01;36m[KMat[m[K(Size size, int type, const Scalar& s);
[3.045s]       |     [01;36m[K^~~[m[K
[3.045s] [01m[K/usr/local/include/opencv4/opencv2/core/mat.hpp:848:5:[m[K [01;36m[Knote: [m[K  candidate expects 3 arguments, 1 provided
[3.045s] [01m[K/usr/local/include/opencv4/opencv2/core/mat.hpp:837:5:[m[K [01;36m[Knote: [m[Kcandidate: â€˜[01m[Kcv::Mat::Mat(int, int, int, const Scalar&)[m[Kâ€™
[3.045s]   837 |     [01;36m[KMat[m[K(int rows, int cols, int type, const Scalar& s);
[3.045s]       |     [01;36m[K^~~[m[K
[3.045s] [01m[K/usr/local/include/opencv4/opencv2/core/mat.hpp:837:5:[m[K [01;36m[Knote: [m[K  candidate expects 4 arguments, 1 provided
[3.045s] [01m[K/usr/local/include/opencv4/opencv2/core/mat.hpp:826:5:[m[K [01;36m[Knote: [m[Kcandidate: â€˜[01m[Kcv::Mat::Mat(cv::Size, int)[m[Kâ€™
[3.045s]   826 |     [01;36m[KMat[m[K(Size size, int type);
[3.045s]       |     [01;36m[K^~~[m[K
[3.045s] [01m[K/usr/local/include/opencv4/opencv2/core/mat.hpp:826:5:[m[K [01;36m[Knote: [m[K  candidate expects 2 arguments, 1 provided
[3.045s] [01m[K/usr/local/include/opencv4/opencv2/core/mat.hpp:818:5:[m[K [01;36m[Knote: [m[Kcandidate: â€˜[01m[Kcv::Mat::Mat(int, int, int)[m[Kâ€™
[3.045s]   818 |     [01;36m[KMat[m[K(int rows, int cols, int type);
[3.046s]       |     [01;36m[K^~~[m[K
[3.046s] [01m[K/usr/local/include/opencv4/opencv2/core/mat.hpp:818:5:[m[K [01;36m[Knote: [m[K  candidate expects 3 arguments, 1 provided
[3.046s] [01m[K/usr/local/include/opencv4/opencv2/core/mat.hpp:810:5:[m[K [01;36m[Knote: [m[Kcandidate: â€˜[01m[Kcv::Mat::Mat()[m[Kâ€™
[3.046s]   810 |     [01;36m[KMat[m[K() CV_NOEXCEPT;
[3.046s]       |     [01;36m[K^~~[m[K
[3.046s] [01m[K/usr/local/include/opencv4/opencv2/core/mat.hpp:810:5:[m[K [01;36m[Knote: [m[K  candidate expects 0 arguments, 1 provided
[3.046s] [01m[K/home/ali/Engineering/ITI/low_speed_self_driving_vehicles/project_camera_calibration/implementations/CameraCalibration1/build/ros2Ws/src/elp_pkg/src/elp_calibrate.cpp:[m[K In member function â€˜[01m[Kvoid Node1::elp_r(sensor_msgs::msg::Image_<std::allocator<void> >::SharedPtr) const[m[Kâ€™:
[3.046s] [01m[K/home/ali/Engineering/ITI/low_speed_self_driving_vehicles/project_camera_calibration/implementations/CameraCalibration1/build/ros2Ws/src/elp_pkg/src/elp_calibrate.cpp:64:25:[m[K [01;31m[Kerror: [m[Kinvalid initialization of reference of type â€˜[01m[Kcv::InputArray[m[Kâ€™ {aka â€˜[01m[Kconst cv::_InputArray&[m[Kâ€™} from expression of type â€˜[01m[Kcv_bridge::CvImagePtr[m[Kâ€™ {aka â€˜[01m[Kstd::shared_ptr<cv_bridge::CvImage>[m[Kâ€™}
[3.046s]    64 |   cv::imwrite("t2.jpg", [01;31m[Kcv_ptr[m[K);
[3.046s]       |                         [01;31m[K^~~~~~[m[K
[3.046s] In file included from [01m[K/usr/local/include/opencv4/opencv2/highgui.hpp:48[m[K,
[3.046s]                  from [01m[K/usr/local/include/opencv4/opencv2/opencv.hpp:68[m[K,
[3.046s]                  from [01m[K/home/ali/Engineering/ITI/low_speed_self_driving_vehicles/project_camera_calibration/implementations/CameraCalibration1/build/ros2Ws/src/elp_pkg/src/elp_calibrate.cpp:19[m[K:
[3.047s] [01m[K/usr/local/include/opencv4/opencv2/imgcodecs.hpp:267:63:[m[K [01;36m[Knote: [m[Kin passing argument 2 of â€˜[01m[Kbool cv::imwrite(const String&, cv::InputArray, const std::vector<int>&)[m[Kâ€™
[3.047s]   267 | CV_EXPORTS_W bool imwrite( const String& filename, [01;36m[KInputArray img[m[K,
[3.047s]       |                                                    [01;36m[K~~~~~~~~~~~^~~[m[K
[5.331s] make[2]: *** [CMakeFiles/elp_calibrate.dir/build.make:63: CMakeFiles/elp_calibrate.dir/src/elp_calibrate.cpp.o] Error 1
[5.331s] make[1]: *** [CMakeFiles/Makefile2:78: CMakeFiles/elp_calibrate.dir/all] Error 2
[5.331s] make: *** [Makefile:141: all] Error 2
[5.334s] Invoked command in '/home/ali/Engineering/ITI/low_speed_self_driving_vehicles/project_camera_calibration/implementations/CameraCalibration1/build/ros2Ws/build/elp_pkg' returned '2': CMAKE_PREFIX_PATH=${CMAKE_PREFIX_PATH}:/home/ali/Engineering/ITI/low_speed_self_driving_vehicles/ROS_lectures/GWS/install/tekomoro_tf:/home/ali/Engineering/ITI/low_speed_self_driving_vehicles/ROS_lectures/GWS/install/python_qos_demo:/home/ali/Engineering/ITI/low_speed_self_driving_vehicles/ROS_lectures/GWS/install/pkg_name:/home/ali/Engineering/ITI/low_speed_self_driving_vehicles/ROS_lectures/GWS/install/localization_lab2:/home/ali/Engineering/ITI/low_speed_self_driving_vehicles/ROS_lectures/GWS/install/localization_lab1:/home/ali/Engineering/ITI/low_speed_self_driving_vehicles/ROS_lectures/GWS/install/iti_lab_9:/home/ali/Engineering/ITI/low_speed_self_driving_vehicles/ROS_lectures/GWS/install/iti_lab_8:/home/ali/Engineering/ITI/low_speed_self_driving_vehicles/ROS_lectures/GWS/install/iti_lab7:/home/ali/Engineering/ITI/low_speed_self_driving_vehicles/ROS_lectures/GWS/install/iti_lab4:/home/ali/Engineering/ITI/low_speed_self_driving_vehicles/ROS_lectures/GWS/install/iti_lab3:/home/ali/Engineering/ITI/low_speed_self_driving_vehicles/ROS_lectures/GWS/install/iti_lab2:/home/ali/Engineering/ITI/low_speed_self_driving_vehicles/ROS_lectures/GWS/install/iti_lab1:/home/ali/Engineering/ITI/low_speed_self_driving_vehicles/ROS_lectures/GWS/install/control_lab1:/home/ali/Engineering/ITI/low_speed_self_driving_vehicles/ROS_lectures/nav2_depend_ws/install/nav2_gazebo_spawner:/home/ali/Engineering/ITI/low_speed_self_driving_vehicles/ROS_lectures/projectWs/install/ros2_project:/opt/ros/foxy /usr/bin/cmake --build /home/ali/Engineering/ITI/low_speed_self_driving_vehicles/project_camera_calibration/implementations/CameraCalibration1/build/ros2Ws/build/elp_pkg -- -j4 -l4
