[01m[K/home/ali/Engineering/ITI/low_speed_self_driving_vehicles/project_camera_calibration/implementations/CameraCalibration1/build/ros2Ws/src/elp_pkg/src/elp_calibrate.cpp:[m[K In member function â€˜[01m[Kcv::Mat Node1::Compute_depth(cv::Mat)[m[Kâ€™:
[01m[K/home/ali/Engineering/ITI/low_speed_self_driving_vehicles/project_camera_calibration/implementations/CameraCalibration1/build/ros2Ws/src/elp_pkg/src/elp_calibrate.cpp:101:19:[m[K [01;31m[Kerror: [m[Kâ€˜[01m[KMatTocvarr[m[Kâ€™ was not declared in this scope
  101 |   IplImage* out = [01;31m[KMatTocvarr[m[K(disparity).clone();
      |                   [01;31m[K^~~~~~~~~~[m[K
make[2]: *** [CMakeFiles/elp_calibrate.dir/build.make:63: CMakeFiles/elp_calibrate.dir/src/elp_calibrate.cpp.o] Error 1
make[1]: *** [CMakeFiles/Makefile2:78: CMakeFiles/elp_calibrate.dir/all] Error 2
make: *** [Makefile:141: all] Error 2
